<?xml version="1.0" encoding="UTF-8"?>
<testsuite xmlns:xsi="http://www.w3.org/2001/XMLSchema-instance" xsi:noNamespaceSchemaLocation="https://maven.apache.org/surefire/maven-surefire-plugin/xsd/surefire-test-report.xsd" name="TestSuite" time="166.685" tests="4" errors="0" skipped="0" failures="2">
  <properties>
    <property name="java.runtime.name" value="Java(TM) SE Runtime Environment"/>
    <property name="sun.boot.library.path" value="C:\Program Files\Java\jdk1.8.0_341\jre\bin"/>
    <property name="java.vm.version" value="25.341-b10"/>
    <property name="java.vm.vendor" value="Oracle Corporation"/>
    <property name="maven.multiModuleProjectDirectory" value="C:\Users\DELL\Downloads\newworkspace_TestNG\myfirstmavenproject"/>
    <property name="java.vendor.url" value="http://java.oracle.com/"/>
    <property name="path.separator" value=";"/>
    <property name="guice.disable.misplaced.annotation.check" value="true"/>
    <property name="java.vm.name" value="Java HotSpot(TM) 64-Bit Server VM"/>
    <property name="file.encoding.pkg" value="sun.io"/>
    <property name="user.script" value=""/>
    <property name="user.country" value="IN"/>
    <property name="sun.java.launcher" value="SUN_STANDARD"/>
    <property name="sun.os.patch.level" value=""/>
    <property name="java.vm.specification.name" value="Java Virtual Machine Specification"/>
    <property name="user.dir" value="C:\Users\DELL\Downloads\newworkspace_TestNG\myfirstmavenproject"/>
    <property name="java.runtime.version" value="1.8.0_341-b10"/>
    <property name="java.awt.graphicsenv" value="sun.awt.Win32GraphicsEnvironment"/>
    <property name="java.endorsed.dirs" value="C:\Program Files\Java\jdk1.8.0_341\jre\lib\endorsed"/>
    <property name="os.arch" value="amd64"/>
    <property name="java.io.tmpdir" value="C:\Users\DELL\AppData\Local\Temp\"/>
    <property name="line.separator" value="&#10;"/>
    <property name="java.vm.specification.vendor" value="Oracle Corporation"/>
    <property name="user.variant" value=""/>
    <property name="os.name" value="Windows 11"/>
    <property name="classworlds.conf" value="C:\apache-maven-3.8.7-bin\apache-maven-3.8.7\bin\m2.conf"/>
    <property name="sun.jnu.encoding" value="Cp1252"/>
    <property name="java.library.path" value="C:\Program Files\Java\jdk1.8.0_341\bin;C:\WINDOWS\Sun\Java\bin;C:\WINDOWS\system32;C:\WINDOWS;C:\Program Files (x86)\Common Files\Oracle\Java\javapath;C:\WINDOWS\system32;C:\WINDOWS;C:\WINDOWS\System32\Wbem;C:\WINDOWS\System32\WindowsPowerShell\v1.0\;C:\WINDOWS\System32\OpenSSH\;C:\Program Files\dotnet\;C:\apache-maven-3.8.7-bin\apache-maven-3.8.7\bin;C:\Users\DELL\AppData\Local\Microsoft\WindowsApps;C:\Program Files\Java\jdk1.8.0_341\bin;;."/>
    <property name="maven.conf" value="C:\apache-maven-3.8.7-bin\apache-maven-3.8.7/conf"/>
    <property name="java.specification.name" value="Java Platform API Specification"/>
    <property name="java.class.version" value="52.0"/>
    <property name="sun.management.compiler" value="HotSpot 64-Bit Tiered Compilers"/>
    <property name="os.version" value="10.0"/>
    <property name="library.jansi.path" value="C:\apache-maven-3.8.7-bin\apache-maven-3.8.7\lib\jansi-native"/>
    <property name="user.home" value="C:\Users\DELL"/>
    <property name="user.timezone" value="Asia/Calcutta"/>
    <property name="java.awt.printerjob" value="sun.awt.windows.WPrinterJob"/>
    <property name="java.specification.version" value="1.8"/>
    <property name="file.encoding" value="Cp1252"/>
    <property name="user.name" value="DELL"/>
    <property name="java.class.path" value="C:\apache-maven-3.8.7-bin\apache-maven-3.8.7\boot\plexus-classworlds-2.6.0.jar"/>
    <property name="java.vm.specification.version" value="1.8"/>
    <property name="sun.arch.data.model" value="64"/>
    <property name="java.home" value="C:\Program Files\Java\jdk1.8.0_341\jre"/>
    <property name="sun.java.command" value="org.codehaus.plexus.classworlds.launcher.Launcher clean test"/>
    <property name="java.specification.vendor" value="Oracle Corporation"/>
    <property name="user.language" value="en"/>
    <property name="awt.toolkit" value="sun.awt.windows.WToolkit"/>
    <property name="java.vm.info" value="mixed mode"/>
    <property name="java.version" value="1.8.0_341"/>
    <property name="java.ext.dirs" value="C:\Program Files\Java\jdk1.8.0_341\jre\lib\ext;C:\WINDOWS\Sun\Java\lib\ext"/>
    <property name="sun.boot.class.path" value="C:\Program Files\Java\jdk1.8.0_341\jre\lib\resources.jar;C:\Program Files\Java\jdk1.8.0_341\jre\lib\rt.jar;C:\Program Files\Java\jdk1.8.0_341\jre\lib\jsse.jar;C:\Program Files\Java\jdk1.8.0_341\jre\lib\jce.jar;C:\Program Files\Java\jdk1.8.0_341\jre\lib\charsets.jar;C:\Program Files\Java\jdk1.8.0_341\jre\lib\jfr.jar;C:\Program Files\Java\jdk1.8.0_341\jre\classes"/>
    <property name="sun.stderr.encoding" value="cp437"/>
    <property name="java.vendor" value="Oracle Corporation"/>
    <property name="maven.home" value="C:\apache-maven-3.8.7-bin\apache-maven-3.8.7"/>
    <property name="file.separator" value="\"/>
    <property name="java.vendor.url.bug" value="http://bugreport.sun.com/bugreport/"/>
    <property name="sun.cpu.endian" value="little"/>
    <property name="sun.io.unicode.encoding" value="UnicodeLittle"/>
    <property name="sun.stdout.encoding" value="cp437"/>
    <property name="sun.desktop" value="windows"/>
    <property name="sun.cpu.isalist" value="amd64"/>
  </properties>
  <testcase name="invalidLogin" classname="tests.LoginTest" time="2.314">
    <failure message="expected [Invalid credentials1] but found [Invalid credentials]" type="java.lang.AssertionError">java.lang.AssertionError: expected [Invalid credentials1] but found [Invalid credentials]
	at tests.LoginTest.invalidLogin(LoginTest.java:42)
</failure>
    <system-out><![CDATA[onStart
C:\Users\DELL\Downloads\newworkspace_TestNG\myfirstmavenproject\src\main\java\config\config_UAT.properties
02-06-2023 16:22:30 TestBase.java INFO  [main] testbase.TestBase 49 - ---------------------------------Execution started for Testcase invalidLogin---------------------
02-06-2023 16:22:30 DriverFactory.java INFO  [main] driverfactory.DriverFactory 22 - inside init_driver, browser :Edge
OnTestStart
02-06-2023 16:23:03 ElementUtils.java INFO  [main] util.ElementUtils 82 - Inside doclick Method
02-06-2023 16:23:03 ElementUtils.java INFO  [main] util.ElementUtils 83 - Locator :By.name: username
02-06-2023 16:23:04 ElementUtils.java INFO  [main] util.ElementUtils 89 - Text Entered successfully
02-06-2023 16:23:04 ElementUtils.java INFO  [main] util.ElementUtils 82 - Inside doclick Method
02-06-2023 16:23:04 ElementUtils.java INFO  [main] util.ElementUtils 83 - Locator :By.name: password
02-06-2023 16:23:04 ElementUtils.java INFO  [main] util.ElementUtils 89 - Text Entered successfully
02-06-2023 16:23:04 ElementUtils.java INFO  [main] util.ElementUtils 24 - Inside doclick Method
02-06-2023 16:23:04 ElementUtils.java INFO  [main] util.ElementUtils 25 - Locator :By.className: orangehrm-login-button
beforeClick
afterClick
02-06-2023 16:23:04 ElementUtils.java INFO  [main] util.ElementUtils 31 - click successful
Inside isElementPresent Method
Locator :By.className: oxd-alert-content-text
02-06-2023 16:23:06 ElementUtils.java INFO  [main] util.ElementUtils 110 - Element is Present within 10
]]></system-out>
    <system-err><![CDATA[SLF4J: No SLF4J providers were found.
SLF4J: Defaulting to no-operation (NOP) logger implementation
SLF4J: See https://www.slf4j.org/codes.html#noProviders for further details.
Starting Microsoft Edge WebDriver 109.0.1518.78 (4e4b32c3816309813328e94787b814590ac1116d) on port 37765
To submit feedback, report a bug, or suggest new features, please visit https://github.com/MicrosoftEdge/EdgeWebDriver

Only local connections are allowed.
Please see https://aka.ms/WebDriverSecurity for suggestions on keeping Microsoft Edge WebDriver safe.

Microsoft Edge WebDriver was started successfully.
Feb 06, 2023 4:22:33 PM org.openqa.selenium.remote.ProtocolHandshake createSession
INFO: Detected dialect: W3C
]]></system-err>
  </testcase>
  <testcase name="loginTest" classname="tests.LoginTest" time="2.148">
    <failure message="expected [Yamini Kondapalli11] but found [Dumbosam Collingsmohan]" type="java.lang.AssertionError">java.lang.AssertionError: expected [Yamini Kondapalli11] but found [Dumbosam Collingsmohan]
	at tests.LoginTest.loginTest(LoginTest.java:29)
</failure>
    <system-out><![CDATA[onTestFailure
C:\Users\DELL\Downloads\newworkspace_TestNG\myfirstmavenproject\screenshots\invalidLogin.jpg
02-06-2023 16:23:07 TestBase.java INFO  [main] testbase.TestBase 49 - ---------------------------------Execution started for Testcase loginTest---------------------
02-06-2023 16:23:07 DriverFactory.java INFO  [main] driverfactory.DriverFactory 22 - inside init_driver, browser :Edge
OnTestStart
02-06-2023 16:23:27 ElementUtils.java INFO  [main] util.ElementUtils 82 - Inside doclick Method
02-06-2023 16:23:27 ElementUtils.java INFO  [main] util.ElementUtils 83 - Locator :By.name: username
02-06-2023 16:23:27 ElementUtils.java INFO  [main] util.ElementUtils 89 - Text Entered successfully
02-06-2023 16:23:27 ElementUtils.java INFO  [main] util.ElementUtils 82 - Inside doclick Method
02-06-2023 16:23:27 ElementUtils.java INFO  [main] util.ElementUtils 83 - Locator :By.name: password
02-06-2023 16:23:28 ElementUtils.java INFO  [main] util.ElementUtils 89 - Text Entered successfully
02-06-2023 16:23:28 ElementUtils.java INFO  [main] util.ElementUtils 24 - Inside doclick Method
02-06-2023 16:23:28 ElementUtils.java INFO  [main] util.ElementUtils 25 - Locator :By.className: orangehrm-login-button
beforeClick
afterClick
02-06-2023 16:23:28 ElementUtils.java INFO  [main] util.ElementUtils 31 - click successful
Inside isElementPresent Method
Locator :By.className: oxd-userdropdown-name
02-06-2023 16:23:29 ElementUtils.java INFO  [main] util.ElementUtils 110 - Element is Present within 15
]]></system-out>
    <system-err><![CDATA[Starting Microsoft Edge WebDriver 109.0.1518.78 (4e4b32c3816309813328e94787b814590ac1116d) on port 46365
To submit feedback, report a bug, or suggest new features, please visit https://github.com/MicrosoftEdge/EdgeWebDriver

Only local connections are allowed.
Please see https://aka.ms/WebDriverSecurity for suggestions on keeping Microsoft Edge WebDriver safe.

Microsoft Edge WebDriver was started successfully.
Feb 06, 2023 4:23:10 PM org.openqa.selenium.remote.ProtocolHandshake createSession
INFO: Detected dialect: W3C
]]></system-err>
  </testcase>
  <testcase name="redirectToResetPasswordPageLinkPresent" classname="tests.LoginTest" time="0.036"/>
  <testcase name="navigateToResetPassword" classname="tests.LoginTest" time="2.633"/>
</testsuite>